2016/09/24 04:53:03 heroku-cli/5.3.5-3e5cdd9 (linux-386) go1.6.2 /home/vagrant/.local/share/heroku/cli/bin/heroku cmd: version
2016/09/24 04:53:03 triggering background update
2016/09/24 04:53:03 heroku-cli/5.3.5-3e5cdd9 (linux-386) go1.6.2 /home/vagrant/.local/share/heroku/cli/bin/heroku cmd: update
2016/09/24 04:53:03 heroku-cli/5.3.5-3e5cdd9 (linux-386) go1.6.2 /home/vagrant/.local/share/heroku/cli/bin/heroku cmd: commands
2016/09/24 04:53:03 heroku-cli/5.3.5-3e5cdd9 (linux-386) go1.6.2 /home/vagrant/.local/share/heroku/cli/bin/heroku cmd: login
2016/09/24 04:53:03 Email: 
2016/09/24 04:53:03 heroku-cli: Updating plugins...
2016/09/24 04:53:03  done
2016/09/24 05:01:43 heroku-cli/5.3.5-3e5cdd9 (linux-386) go1.6.2 /home/vagrant/.local/share/heroku/cli/bin/heroku cmd: version
2016/09/24 05:01:43 heroku-cli/5.3.5-3e5cdd9 (linux-386) go1.6.2 /home/vagrant/.local/share/heroku/cli/bin/heroku cmd: commands
2016/09/24 05:01:44 heroku-cli/5.3.5-3e5cdd9 (linux-386) go1.6.2 /home/vagrant/.local/share/heroku/cli/bin/heroku cmd: create
2016/09/24 05:28:16 heroku-cli/5.3.5-3e5cdd9 (linux-386) go1.6.2 /home/vagrant/.local/share/heroku/cli/bin/heroku cmd: version
2016/09/24 05:28:16 heroku-cli/5.3.5-3e5cdd9 (linux-386) go1.6.2 /home/vagrant/.local/share/heroku/cli/bin/heroku cmd: commands
2016/09/24 05:28:16 heroku-cli/5.3.5-3e5cdd9 (linux-386) go1.6.2 /home/vagrant/.local/share/heroku/cli/bin/heroku cmd: config:set
2016/09/24 05:30:18 heroku-cli/5.3.5-3e5cdd9 (linux-386) go1.6.2 /home/vagrant/.local/share/heroku/cli/bin/heroku cmd: version
2016/09/24 05:30:18 heroku-cli/5.3.5-3e5cdd9 (linux-386) go1.6.2 /home/vagrant/.local/share/heroku/cli/bin/heroku cmd: commands
2016/09/24 05:30:18 heroku-cli/5.3.5-3e5cdd9 (linux-386) go1.6.2 /home/vagrant/.local/share/heroku/cli/bin/heroku cmd: config:set
2016/09/24 05:30:59 heroku-cli/5.3.5-3e5cdd9 (linux-386) go1.6.2 /home/vagrant/.local/share/heroku/cli/bin/heroku cmd: version
2016/09/24 05:30:59 heroku-cli/5.3.5-3e5cdd9 (linux-386) go1.6.2 /home/vagrant/.local/share/heroku/cli/bin/heroku cmd: commands
2016/09/24 05:30:59 heroku-cli/5.3.5-3e5cdd9 (linux-386) go1.6.2 /home/vagrant/.local/share/heroku/cli/bin/heroku cmd: config:set
